2023-04-29 23:19:13,553 - pyswarms.single.global_best - INFO - Optimize for 1000 iters with {'c1': 0.5, 'c2': 0.3, 'w': 0.9}
2023-04-29 23:19:14,208 - pyswarms.single.global_best - INFO - Optimization finished | best cost: 5.011992128174339e-43, best pos: [-8.93281805e-23 -7.02296012e-22]
2023-04-29 23:21:52,698 - pyswarms.single.local_best - INFO - Optimize for 1000 iters with {'c1': 0.5, 'c2': 0.3, 'w': 0.9, 'k': 2, 'p': 2}
2023-04-29 23:21:53,496 - pyswarms.single.local_best - INFO - Optimization finished | best cost: 9.43207317919565e-42, best pos: [ 2.59107649e-21 -1.64875584e-21]
2023-04-29 23:36:36,813 - pyswarms.single.global_best - INFO - Optimize for 1000 iters with {'c1': 0.5, 'c2': 0.3, 'w': 0.9}
2023-04-29 23:38:13,896 - pyswarms.single.global_best - INFO - Optimize for 1000 iters with {'c1': 0.5, 'c2': 0.3, 'w': 0.9}
2023-04-29 23:38:15,606 - pyswarms.single.global_best - INFO - Optimize for 1000 iters with {'c1': 0.5, 'c2': 0.3, 'w': 0.9}
2023-04-30 11:33:39,979 - pyswarms.single.global_best - INFO - Optimize for 1000 iters with {'c1': 0.5, 'c2': 0.3, 'w': 0.9}
2023-04-30 11:52:26,119 - pyswarms.single.global_best - INFO - Optimize for 1000 iters with {'c1': 0.5, 'c2': 0.3, 'w': 0.9}
2023-04-30 11:56:33,757 - pyswarms.single.global_best - INFO - Optimize for 1000 iters with {'c1': 0.5, 'c2': 0.3, 'w': 0.9}
2023-04-30 11:58:14,877 - pyswarms.single.global_best - INFO - Optimize for 1000 iters with {'c1': 0.5, 'c2': 0.3, 'w': 0.9}
2023-04-30 12:00:32,379 - pyswarms.single.global_best - INFO - Optimize for 1000 iters with {'c1': 0.5, 'c2': 0.3, 'w': 0.9}
2023-04-30 12:01:32,581 - pyswarms.single.global_best - INFO - Optimize for 1000 iters with {'c1': 0.5, 'c2': 0.3, 'w': 0.9}
2023-04-30 12:03:11,518 - pyswarms.single.global_best - INFO - Optimize for 1000 iters with {'c1': 0.5, 'c2': 0.3, 'w': 0.9}
2023-04-30 12:03:40,731 - pyswarms.single.global_best - INFO - Optimize for 1000 iters with {'c1': 0.5, 'c2': 0.3, 'w': 0.9}
2023-04-30 12:11:04,903 - pyswarms.single.global_best - INFO - Optimize for 1000 iters with {'c1': 0.5, 'c2': 0.3, 'w': 0.9}
2023-04-30 12:18:34,216 - pyswarms.single.global_best - INFO - Optimize for 1000 iters with {'c1': 0.5, 'c2': 0.3, 'w': 0.9}
2023-04-30 12:19:26,881 - pyswarms.single.global_best - INFO - Optimize for 1000 iters with {'c1': 0.5, 'c2': 0.3, 'w': 0.9}
2023-04-30 12:20:07,985 - pyswarms.single.global_best - INFO - Optimize for 1000 iters with {'c1': 0.5, 'c2': 0.3, 'w': 0.9}
2023-04-30 12:20:13,105 - pyswarms.single.global_best - INFO - Optimize for 1000 iters with {'c1': 0.5, 'c2': 0.3, 'w': 0.9}
2023-04-30 12:27:07,817 - pyswarms.single.global_best - INFO - Optimize for 1000 iters with {'c1': 0.5, 'c2': 0.3, 'w': 0.9}
2023-04-30 12:49:05,714 - pyswarms.single.global_best - INFO - Optimize for 1000 iters with {'c1': 0.5, 'c2': 0.3, 'w': 0.9}
2023-04-30 12:49:14,799 - pyswarms.single.global_best - INFO - Optimize for 1000 iters with {'c1': 0.5, 'c2': 0.3, 'w': 0.9}
2023-04-30 12:53:48,074 - pyswarms.single.global_best - INFO - Optimize for 1000 iters with {'c1': 0.5, 'c2': 0.3, 'w': 0.9}
2023-04-30 12:54:34,845 - pyswarms.single.global_best - INFO - Optimize for 1000 iters with {'c1': 0.5, 'c2': 0.3, 'w': 0.9}
2023-04-30 12:55:36,343 - pyswarms.single.global_best - INFO - Optimize for 1000 iters with {'c1': 0.5, 'c2': 0.3, 'w': 0.9}
2023-04-30 12:56:13,926 - pyswarms.single.global_best - INFO - Optimize for 1000 iters with {'c1': 0.5, 'c2': 0.3, 'w': 0.9}
2023-04-30 12:56:53,656 - pyswarms.single.global_best - INFO - Optimize for 1000 iters with {'c1': 0.5, 'c2': 0.3, 'w': 0.9}
2023-04-30 13:10:28,375 - pyswarms.single.global_best - INFO - Optimize for 1000 iters with {'c1': 0.5, 'c2': 0.3, 'w': 0.9}
2023-04-30 14:28:45,509 - pyswarms.single.global_best - INFO - Optimize for 1000 iters with {'c1': 0.5, 'c2': 0.3, 'w': 0.9}
2023-04-30 14:28:56,973 - pyswarms.single.global_best - INFO - Optimize for 1000 iters with {'c1': 0.5, 'c2': 0.3, 'w': 0.9}
2023-04-30 14:39:05,753 - pyswarms.single.global_best - INFO - Optimize for 1000 iters with {'c1': 0.5, 'c2': 0.3, 'w': 0.9}
2023-04-30 14:41:10,048 - pyswarms.single.global_best - INFO - Optimize for 1000 iters with {'c1': 0.5, 'c2': 0.3, 'w': 0.9}
2023-04-30 14:41:54,341 - pyswarms.single.global_best - INFO - Optimize for 1000 iters with {'c1': 0.5, 'c2': 0.3, 'w': 0.9}
2023-04-30 14:42:14,272 - pyswarms.single.global_best - INFO - Optimize for 1000 iters with {'c1': 0.5, 'c2': 0.3, 'w': 0.9}
2023-04-30 14:42:36,633 - pyswarms.single.global_best - INFO - Optimize for 1000 iters with {'c1': 0.5, 'c2': 0.3, 'w': 0.9}
2023-04-30 14:43:51,422 - pyswarms.single.global_best - INFO - Optimize for 1000 iters with {'c1': 0.5, 'c2': 0.3, 'w': 0.9}
2023-04-30 14:44:32,768 - pyswarms.single.global_best - INFO - Optimize for 1000 iters with {'c1': 0.5, 'c2': 0.3, 'w': 0.9}
2023-04-30 14:45:32,779 - pyswarms.single.global_best - INFO - Optimize for 1000 iters with {'c1': 0.5, 'c2': 0.3, 'w': 0.9}
2023-04-30 16:18:46,682 - pyswarms.single.global_best - INFO - Optimize for 1000 iters with {'c1': 0.5, 'c2': 0.3, 'w': 0.9}
2023-04-30 16:19:11,301 - pyswarms.single.global_best - INFO - Optimize for 1000 iters with {'c1': 0.5, 'c2': 0.3, 'w': 0.9}
2023-04-30 16:19:33,110 - pyswarms.single.global_best - INFO - Optimization finished | best cost: 0.5234403663780034, best pos: [ 5.51699839e-01  1.12331062e+00 -1.87306647e+00  1.27136722e+00
  1.48450387e+00  2.19694761e+00  3.63188311e-01 -3.40442365e-01
  1.83328672e+00  1.59489263e+00  1.47712465e-01  1.00921399e+00
  7.61812474e-02 -4.51701205e-02  1.75083709e+00  5.02171736e-01
  1.39420321e+00  1.96485163e+00  1.02263646e+00  1.62950314e+00
  7.50179998e-01 -3.74850449e-01  1.85752038e+00  1.09042128e+00
  1.19065647e+00  1.75620895e+00  6.77121576e-01  3.96042525e-01
  1.75935749e+00  7.78161858e-01  1.31446718e+00  2.00408116e+00
  1.34236228e-01  1.99048317e+00  1.17773721e+00  8.07838872e-02
  1.11367422e+00  1.66055218e+00  1.27532732e+00  9.25148051e-01
  1.98745123e+00  9.83510355e-01  3.10542887e-01 -3.07530214e-01
  7.46004530e-01  1.80783689e+00  1.88302415e+00  9.45238519e-01
 -4.03953927e-01  1.63681563e+00  2.15718086e-04  8.58038607e-01
  9.73239301e-01  2.44088298e-01  1.31704763e+00  1.59466323e+00
 -7.90854138e-01  7.51400271e-01  6.35057926e-02  6.40016236e-02
  2.08080324e+00  1.55434293e+00  1.91076099e+00  1.61910849e+00
  1.03323451e+00  1.04587304e+00  1.50459288e+00  2.86412014e-01
  1.11342920e+00  1.11279045e+00  1.23841534e+00  2.48114650e-01
  3.17347816e-01  6.72252219e-02  9.92795354e-01  6.54210135e-01
  1.64106482e+00  2.22728221e-01  2.82379011e-01  4.23615202e-01
  1.44893963e+00 -2.26310793e-01  1.16356605e+00  3.44969688e-01
  1.51341104e+00  2.67455315e-01  4.93055566e-01  8.87313675e-01
  6.84988421e-01 -4.77648431e-01  1.46334162e+00  3.41344522e-01
  3.05708979e-01 -6.77109283e-02  5.17917159e-01  1.16691689e+00
  2.53972510e-01  2.43709248e-01 -3.83976389e-01  6.76765828e-01
  1.90968660e+00  1.35534259e+00  7.52123907e-01  1.98078990e+00
  9.39773314e-01  1.29365344e+00  1.18136510e-01  9.88551277e-01
  8.69233256e-01  1.38162471e+00  1.37336065e+00  9.70865280e-01
  2.26893491e-02  2.29904857e-02  6.60442602e-01  9.37088743e-01
  2.03748830e+00  5.64561407e-01 -1.82723947e-01  1.05556847e+00
  4.35142227e-01  1.29386459e+00 -6.93137012e-01 -9.00097376e-01
  7.15691473e-01  7.28596753e-01  1.43241371e+00 -3.44969438e-02
  1.93371195e+00  3.11879981e-01  1.17615718e+00  6.28104016e-01
  3.24553337e-01 -3.60464515e+00  5.53895569e-01  1.72073450e+00
  1.53799062e+00  2.21624829e+00  2.58183310e+00  1.41550100e-01
  1.12764993e+00  1.52482398e+00  1.78362945e+00  1.75397806e+00
  3.79960842e-01 -5.52034152e-01  8.50419994e-01  8.27132704e-01
  1.51601142e+00  3.01273220e-01 -2.13627504e-01 -6.27715577e-01
  1.69414819e+00  6.49202986e-01  1.29223345e+00  8.75424086e-02
  9.01435682e-01  7.65640544e-01  2.69000316e-01  1.91315301e+00
  1.19096772e+00 -4.73718543e-01  2.28109601e+00  1.81761628e+00
  1.16939658e+00  1.10968885e+00  4.36906447e-01  1.36021595e+00
  9.50442861e-01  1.55839009e+00 -1.03702017e+00  2.59287624e+00
  3.91607038e-01 -1.58480127e-01  1.13562274e+00  1.31564092e+00
 -6.94192555e-01  1.43907996e+00 -1.29951992e-01  9.63067973e-02
  2.10974049e-01  1.57468166e+00  7.68256735e-01 -5.18226075e-02
  2.22120909e+00  6.43637985e-01  1.08954626e+00  7.51722824e-01
 -6.30487916e-02  9.12250059e-01  1.97351459e-01 -2.73779754e-01
  2.44224927e+00  8.42155400e-01 -3.67073376e-01  1.34930134e+00
  1.19000754e+00  1.46566115e-01  6.41511711e-02  2.20436688e+00
  8.91153939e-01  1.99080399e+00  1.13759820e+00  1.26723124e+00
 -3.15327960e-01  3.35151763e-01 -1.18162789e+00  2.51481553e+00
  1.44622948e+00  4.40133250e-01  7.51950152e-01  6.38012141e-01
  1.25961427e-01  8.79391132e-01 -2.42544666e-01  1.76253258e+00
  7.56527113e-01  6.46728056e-01  6.18353845e-01  8.13412458e+00
  3.42264625e-01  9.03050857e-01  1.40499495e+00  6.66043413e-01
 -7.41284975e-02  1.14652926e+00  9.51157038e-01  1.56251978e+00
  1.22678997e+00  9.98392507e-01  9.11887447e-01  1.07023561e+00
  6.13828953e-01  8.41353302e-01  5.60105445e-01  1.72747914e+00
  6.58650158e-01  6.90107753e-01  3.69032202e+00  1.31831203e+00
 -1.28328754e-01  4.77810740e+00  3.47698180e-01]
2023-04-30 16:19:33,179 - pyswarms.single.global_best - INFO - Optimize for 1000 iters with {'c1': 0.5, 'c2': 0.3, 'w': 0.9}
2023-04-30 16:19:55,954 - pyswarms.single.global_best - INFO - Optimization finished | best cost: 0.6659499688848816, best pos: [2.16079983 3.23721683 2.14995498 2.18309377 1.39564434 1.88471652
 1.49504469 2.73097642 2.22318923 3.59145066 0.89215132 4.20241984
 5.50843977 1.23327965 3.48653374 3.22373805 2.2704093  1.66181847
 1.14709616 1.08558585 4.61319124 2.56325212 2.68730002 3.70855163
 1.60035573 2.61035222 2.07607996 3.04483593 2.55161702 1.98836119
 3.30056578 3.38347884 3.56978186 1.10454738 2.00797025 3.64889575
 2.08927442 1.6991388  1.61081547 2.8921696  2.32239378 2.57489866
 1.90846065 1.7758828  3.73897143 2.24567115 2.21438133 2.27579938
 3.01065152 2.31235746 2.37508868 2.34765224 3.95739108 2.08100402
 3.27829606 2.91164386 1.23935861 3.23693777 2.20572397 1.56339758
 1.36592535 3.34686313 5.24771093 1.42643985 1.54590658 1.78716663
 2.45154997 2.23896433 1.96310524 1.427343   4.24047264 3.4257357
 2.97177646 2.97252323 1.79904135 2.34729361 2.82244188 2.49463188
 2.7720511  2.9364576  1.43140737 1.88820682 3.81234479 1.90306242
 1.68179277 3.07531631 2.64726465 1.93674702 3.54809174 1.9807818
 3.89316545 2.33373362 3.47213403 3.13827942 1.75689933 1.3358634
 1.73508583 2.35545298 3.34572924 1.64093461 1.85173576 2.93925686
 2.44615992 2.40891529 2.15762846 2.46259925 4.0865141  1.97369956
 1.66738939 2.24206191 2.376232   1.28167596 0.91247986 2.24958738
 2.74973485 2.49595832 2.39300123 2.88093616 2.39563725 1.94198592
 2.57073738 2.63573901 0.77658127 3.00833494 1.58324532 1.46354106
 2.59288463 3.80340771 2.97686802 2.69228346 2.55698264 1.5731578
 2.49975065 2.06320307 2.76992577 1.59971628 1.3572114  3.19176351
 1.92182651 1.40307727 3.0104845  2.9475837  1.25771219 1.64057847
 3.89032752 2.19797471 2.65423602 2.60434323 1.67225885 2.71298066
 3.80574036 2.17359886 2.39841724 2.16058949 2.27783772 0.6931848
 2.03894568 2.99104225 2.41890891 3.25274253 2.82567106 1.209873
 2.29253755 1.99338045 2.92415386 2.66431301 3.45376915 4.08336457
 2.4748491  1.28873688 2.32109088 3.31729857 1.92965246 2.01516116
 3.06725689 2.46982451 1.72523134 2.06583024 1.8810581  2.28929593
 2.6940165  2.49267738 2.16746439 3.93772735 2.57095111 1.47648354
 2.05144909 1.5821131  0.23273645 1.56942126 4.3749312  1.37193579
 4.38742036 4.04855507 2.91867595 4.05342187 3.34305477 2.20820594
 3.81136485 3.24041097 1.49493452 2.49895713 4.10611206 3.24289473
 3.14310041 3.01776555 2.99060607 3.41899232 2.3765728  2.63595708
 3.5148036  3.21935555 1.89309027 1.28395691 2.18084564 1.35511326
 2.81141554 3.05767953 2.09884166 1.69623266 3.71099992 3.4341667
 1.03341266 2.51594643 1.97703353 2.38708883 1.78408632 1.94316796
 3.0893932  2.74390431 2.9083124  1.01822436 1.82907862 1.88329003
 3.18466769 2.5089111  2.1767875  3.91839222 2.75646056 1.45830016
 3.22001864 1.73600303 1.78939092]
2023-04-30 16:22:20,957 - pyswarms.single.global_best - INFO - Optimize for 1000 iters with {'c1': 0.5, 'c2': 0.3, 'w': 0.9}
2023-04-30 16:22:41,288 - pyswarms.single.global_best - INFO - Optimization finished | best cost: 0.5369081953620429, best pos: [ 2.61678306e+00  7.89479124e-01  2.75186895e+00  1.49476281e+00
  1.41458983e+00  2.26536259e+00  1.68392080e+00  1.71686183e+00
  2.55128027e+00  2.85307875e-02  1.22776872e+00  1.57721322e+00
  3.10671611e+00  1.85831594e+00  1.37785054e+00  2.32574469e+00
  8.13392127e-01  1.80367527e+00  1.98240414e+00  2.83707926e+00
  6.25804527e-01  3.19074073e+00  4.84931183e+00  7.79118035e-01
  1.03576174e+00  8.59519980e-01  2.11982960e+00  6.75841276e-01
  3.36926405e+00  9.94538973e-01  3.19435265e+00  1.14920632e+00
  2.81513627e+00  1.64292015e+00  5.22569051e-01  2.39486437e+00
  3.44664271e+00  1.70626548e+00  3.43981967e+00  2.27632601e+00
  3.15706370e+00  2.55797075e+00  2.07133555e+00  3.07462922e+00
  7.39567039e-01  1.27351177e+00  1.93495897e+00  1.52688183e+00
  1.73434726e-01  1.31611634e+00  1.03092536e+00  1.32024749e+00
  3.58913952e-01  1.85514038e+00  1.17637469e+00  1.59658189e+00
  2.62769189e+00  9.56715208e-01  1.54730841e+00  2.04360396e+00
  1.17672361e+00  6.89881047e-01  1.72450069e+00  9.36862004e-01
  1.02767102e+00  1.66998614e+00  3.33672472e+00  2.14468468e+00
  2.12920866e+00  1.55303627e+00  1.32103070e+00  4.18266606e+00
  3.38729646e+00 -2.88039348e-01  8.57297942e-01  1.80473650e+00
  7.67497734e-01  1.22295591e+00  2.26916956e+00  2.48751353e+00
  3.16790723e+00  3.37634335e+00  2.03957124e+00  3.78970684e+00
  9.00524807e-01  7.81748677e-01  1.94496102e+00  2.62046266e+00
  2.45391753e+00  2.41811676e+00  1.07113430e+00  3.24390426e+00
  1.43502766e+00  2.65273166e-01  1.49975894e+00  2.11697745e+00
  5.72015011e-01  8.16274446e-01  5.94000840e-01  1.81005848e+00
  8.39738089e-01  1.57318469e+00  1.18869547e+00  2.27393745e+00
  9.21416236e-01  1.40584415e+00  2.78796496e-02  8.80186851e-01
  1.51260930e+00  9.32102315e-01  2.30335984e+00  4.49404669e-01
  3.10809016e-01  1.76931464e+00  1.85836436e+00  3.01932240e+00
  1.55975388e-01  1.50757213e+00  2.67680744e+00  1.47683556e+00
  8.90276365e-01  3.90446473e-01  1.84764554e+00  2.34997124e+00
 -6.51561833e+01  3.76106588e-01  2.62567248e+00  1.37010653e+00
  7.97997554e-01  2.31956642e+00 -4.45141320e-03 -6.39076909e-01
  2.41053063e+00  1.34245927e+00  3.24177238e-01  7.86842148e-01
  2.33274706e+00  4.49405602e-01  1.37160313e+00  2.20522766e+00
  1.39542541e+00  1.41756499e+00  3.45398500e+00  4.04688029e+00
  7.49294395e-01  1.52122235e+00  1.83462652e+00  1.29449706e+00
  2.55769233e+00  1.53593818e+00  1.47876796e+00  3.20062019e-01
  1.87623902e+00  5.28157418e-01  1.70918168e+00  1.52730166e+00
  1.42955690e+00  5.26617281e-01  9.07254573e-01  3.34359382e+00
  1.35826191e+00  2.22475717e+00  1.86891793e+00  1.38866233e+00
 -1.18382869e-01  1.98749790e+00  2.26168228e+00  6.33625502e-01
  3.87595483e+00  1.43761402e+00  4.93204558e-01  4.68210513e+00
  2.01478734e+00  1.46326643e+00  4.26976448e+00  2.21914184e+00
  1.27306590e+00  2.06006578e+00  8.98993030e-01  1.53005041e+00
  6.26052091e-01  1.36333087e+00  1.58869218e+00  2.02594735e+00
  1.99526791e+00  1.76942185e+00  1.39175011e+00  2.14474981e+00
 -4.61934421e-01  1.59103088e+00  2.94096618e+00  1.32923578e+00
  7.69607230e+00  1.80815497e+00  1.34152731e+00  9.66983963e-01
  8.43561995e-01  2.53899650e+00  2.13515231e+00  2.08218273e+00
 -1.78004042e+00  1.52498670e+00  1.69209371e+00  3.04767085e+00
  1.58734672e+00  2.75113595e+00  1.59364196e+00  2.82404028e+00
  1.28600948e-01  1.20598471e+00  1.51912992e+00  2.16029440e+00
  5.80647614e-01  1.62113802e+00 -2.99137884e-01  4.34731864e-01
  7.44461867e-01  3.52666653e+00  6.74024285e-01 -4.91450461e-01
  1.40940683e+00  1.46122083e+00  1.51357816e+00  1.95846774e+00
 -8.89274176e-02  5.91600115e-01  1.61566252e+00  1.56477813e+00
  2.46882968e+00  1.25311079e+00  4.34631871e-01  1.57042881e+00
  1.39491029e+00  4.99737134e-01  1.88845924e+00  2.81341282e+00
  1.12352971e+00  2.30803245e+00  3.45569904e+00  1.41569398e+00
  1.78380458e+00  8.66569586e-01  1.81728979e+00]
2023-04-30 17:58:39,950 - pyswarms.single.global_best - INFO - Optimize for 1000 iters with {'c1': 0.5, 'c2': 0.3, 'w': 0.9}
2023-04-30 17:59:01,242 - pyswarms.single.global_best - INFO - Optimization finished | best cost: 0.09099890387836199, best pos: [ 2.36246386e+00 -6.05374410e+00  1.56128696e+00  1.39578338e+00
  5.66104702e-01  1.83257325e+00  2.02028817e+00  4.02522639e+00
 -2.21696515e-02 -2.89923516e-03  1.87034803e+00  8.39169920e-01
  3.94927570e-02  7.88007305e+00  5.99674084e+00  6.04382616e-01
  4.08058485e+00  5.20291249e-01  4.96916357e+01  1.28366098e+01
  2.00606229e+00  8.76729584e-01  4.11496144e-01  3.85083218e+00
 -1.07662673e+00  9.79054629e+00  7.97526825e+00  4.49477746e+00
  1.65462193e+00 -3.88022627e+01  6.92557837e-01  3.06393879e-01
  2.37846656e+00  4.00007356e+00  1.64194429e+00  4.44573208e-01
 -2.69707784e-01  2.43638605e+01  2.77203795e+00  3.37094455e-01
  2.76699623e+00 -8.99053177e-01  1.78429459e+00  1.32874765e+01
  1.78935398e+01  3.75189998e+00  8.05240535e+00  2.87536775e+00
 -6.59814643e-02  1.60200058e+00  1.01217900e+01  3.14467167e+00
  7.38037219e+00  1.03688677e+00  8.15085999e-01 -9.05738476e+00
  8.04640988e+00  1.99028193e+00  3.42945029e+00  2.19025364e+00
  1.30894043e+00  1.55896475e+00 -3.43432377e+00  2.11631846e+00
  1.88027425e+00  1.60592475e+00  8.85978224e-01 -3.08489179e+00
 -3.92040994e-01  2.27543159e+00 -2.02060350e+00  1.79296596e+01
  1.21689315e+00  2.91431465e+00  1.40103268e+00  3.38513924e+00
  4.84289532e+00 -2.34789506e-01 -3.40124802e-01 -2.62021066e+00
  4.25684671e+00  4.25514225e+00 -1.69970938e-01  5.72963495e+00
  2.54120872e+00  3.09261815e+00 -1.54371895e-01  2.46734061e+00
  3.41624374e-01  4.81523841e+00  8.40184134e+00  1.60595027e+00
  1.55175995e+00  4.38825474e-01  3.93235730e-01  6.50188021e+00
  6.87037076e+00  6.42911482e+00  3.05290699e+00  9.06431868e-01
  2.99086864e+00  2.66978007e+00  1.02317774e+01  8.59555950e-01
  6.44223969e+00  1.15435365e+00  2.08726773e+00 -2.84896892e+00
 -4.83762859e-01  3.36163961e+00  8.67860515e+00  1.70069909e+01
  1.95484283e+00  9.23742300e+00  2.10719724e+00  5.33471418e+00
  3.10015094e+00  2.31443025e+01  3.53180686e+00  1.71673102e+00
  8.21943173e+00  8.13036744e-01  2.51289472e+01 -3.09963071e+00
  4.67770046e+00  4.03939556e-01  1.01730761e+00 -3.41924769e+02
  1.59286929e+01  8.07291866e+00  4.96382703e-01  1.02246320e+01
  5.58960081e+00  1.58553098e+00  2.51779740e+00  1.43007475e+00
 -1.37534470e+01  1.54488601e+00  1.04036187e+01 -2.95376020e+01
  5.04566466e+00  2.23920168e+01  1.67519145e+00  1.24926498e+00
  2.32056855e+00 -1.59529260e+00 -4.97344983e+00 -3.33500241e-01
  9.82017231e+03  3.94079945e+00  4.07923776e+00  5.00641227e+00
  6.35461231e-01  1.10382626e+00  1.66744966e+00 -1.17566721e+00
  1.03464147e+00 -1.10720605e+00  1.09819164e+00  6.57206749e+00
  2.90757514e+00  5.39830682e+00 -8.35270265e-01  2.82414223e+00
  1.27772770e+01 -3.41683636e+00  2.25919502e+00  1.20425111e+01
  5.44601703e-01  4.37437979e+00  2.53302294e+00  1.98910764e-01
  1.87475548e+00 -1.03388752e+00  2.67566300e+00  4.53367022e+00
 -5.31889328e+00  1.04882857e+01  1.90593103e-02  7.71263384e-01
  1.07289206e+00  1.75471033e+00  9.43863588e-01  7.91779372e+00
  6.69872713e+00  6.00273501e+00  1.03411848e+00 -1.53820339e+01
  1.46259346e+00  2.93722866e+00  5.80652634e+00  1.45705235e+01
  3.37101937e+00  1.31723956e+00 -1.42770914e+00  9.82516587e+00
  1.25705718e+00 -3.72121161e+00 -8.10050891e-01  2.91260304e-01
 -6.28904841e-01  1.08689718e+00 -4.79922453e+00  3.69557758e+00
 -2.26143189e+01  5.72110451e+00 -4.14680872e+00  2.29687488e+00
  1.01738298e+01 -1.54867852e+00  4.32788713e+00  4.34041322e-01
  2.35935752e+00  1.52885465e+00  6.85363944e-01  1.64619506e+00
  4.09677908e+00  3.53069610e-01 -1.27142419e+01  2.30130461e+00
  2.23835135e+00  1.55053217e+00  2.51581946e+00  9.42284731e+00
  2.19469954e+00  4.18843217e+00  2.15598461e+00  3.59435362e+00
  1.47889559e+00  2.44125645e+00  1.70006391e+00  2.49844397e+00
  3.06867140e+00  1.51215270e+00  4.31189684e+00  5.97673682e+00
  1.95796477e+00  1.39643980e+00  1.30295391e+00  1.02811818e+00
  2.30659409e+00  1.23233370e+00  1.61188260e+00]
2023-05-01 19:53:00,440 - pyswarms.single.global_best - INFO - Optimize for 1000 iters with {'c1': 0.5, 'c2': 0.3, 'w': 0.9}
2023-05-01 19:53:26,551 - pyswarms.single.global_best - INFO - Optimization finished | best cost: 0.1264949500748375, best pos: [-1.57155076e+00  2.11677916e+00  6.53229490e-01  8.81146732e-01
 -6.21716191e-01  7.86695751e-01  1.49819315e+00 -9.63160199e-01
  7.39269177e-01 -4.14244750e-02 -3.03444100e-01  9.09993012e-01
  9.62654731e-01  7.18155604e-02  1.98949203e-01  5.44521422e-01
 -1.69400033e+00 -1.25941568e+00  1.86850125e+00  1.89710569e-01
  3.32471606e-01  9.60619255e-01 -9.19744173e-01  7.32852773e-01
 -5.34542611e-01  1.91335525e+00  8.56108999e-01  1.27017562e+00
  2.02150158e+00  2.09141897e-01  8.02113449e-01  2.07216647e-01
  1.39302965e+00  6.23111239e-01  5.00996447e+00  1.49728014e-01
  3.23742656e-01  1.13353645e+00  3.29483977e-01  7.39457082e-01
  1.21269295e-01  1.75957806e+00  1.70733356e+00  1.98285734e+00
 -2.52649483e-02  4.53310716e-01 -5.37902841e-01 -1.68871483e-01
  1.40990063e+00  1.63151406e+00 -6.95314804e-01 -1.17613840e-01
  1.01768899e+00  1.36692058e+00  9.18802884e-01  3.41567606e-01
  9.29621732e-02 -8.44538732e-01 -4.56216162e-01  1.87751761e+00
 -6.59081600e+00 -4.84476256e-01 -1.96541115e-01  1.01199144e+00
  1.72283458e+00 -4.24352826e+00  1.25662814e+00 -7.54707693e+00
  5.31192478e-02  1.55602968e+00  7.46834759e-01 -9.17206162e-02
  1.29142090e-01  7.93669017e-01 -6.40368027e-01 -1.17862605e+00
 -2.45629313e-01  6.04567331e-01  1.11253178e+00  3.06157095e-01
  1.04807225e+01  1.24179525e+00  5.23888047e-01  1.53774172e+00
  5.37108551e-01  8.39711756e-01  9.01523218e-01  1.55482527e+00
 -1.38215659e+00  1.69058113e+00 -1.97230242e-01 -7.74541368e-01
  1.23183588e+00 -1.53843456e-01  9.10251617e-02  1.43005293e+00
 -7.13912356e-01  1.48334068e+00 -6.13485652e-03  5.99924846e-01
 -4.15894646e-01  7.93540244e-01  2.07597069e-01  6.36530429e-01
 -9.08451600e-01  7.01065888e-01  9.66452239e-01  4.81910095e-01
 -1.82157840e-01  2.05717824e-01 -1.17456572e+00 -1.43793438e+00
 -5.49474192e-01 -2.41161556e+00  9.93640345e-01 -1.13546965e-01
 -1.25636276e-01  4.26526152e-01  1.56124872e+00  1.23578926e-03
  1.09260742e+00  3.19623981e-01 -9.66286628e-01  3.20816275e-01
  9.60176724e-01  6.76822736e-01  8.92738324e-01  6.85074198e-01
  1.27072838e+00  2.06375490e+00  9.82598647e-01  2.03707914e+01
 -1.75200867e+00 -2.31030530e-01  1.57441186e+00  1.40820340e+00
  4.65587236e-01  1.53263133e+00 -2.14168949e+00 -1.54101930e+00
 -7.22822242e-01  2.73578985e-01  8.52412717e-01  9.07462668e-01
 -4.75147733e-01  6.29749805e-02  1.97045927e-01 -6.67050779e-01
  9.25233673e-01  6.97385448e-01  2.12203239e+03 -4.23729572e-02
  1.07407940e+00 -7.58687739e-01  1.73723465e+00  2.78126135e-01
  4.50918801e+00 -6.02081793e-01  5.00280479e-01  1.10559388e+00
  7.05812709e-01 -5.38013642e-02  8.41611120e-01  2.13562106e-01
 -1.24594652e-01  1.68587088e+00  1.37272799e+00  7.08140690e-03
 -3.46621495e-01  2.34586987e-01  6.79552612e-01  1.25930856e+00
  8.61113357e-01  1.07301863e+00 -8.31330955e-01  4.45806432e-01
  4.34816583e-01 -3.44133259e-01 -2.35462367e-01 -4.11717153e+00
  9.75945945e-02  1.18735878e+00  4.89319817e-01  6.58556883e-01
  3.87511331e-01 -7.47132846e-02  2.32239697e+00  2.95676754e-01
 -3.92545751e-01  2.22540060e+00  4.21207636e-01 -4.92974599e-01
 -2.87097066e-01 -4.87995526e+00 -8.69754842e-01  3.15868494e-01
 -1.57233822e-01  1.21458367e-01  1.95519428e-01  4.93635353e-01
 -9.38200899e-01  3.87181668e-01  1.43729843e+00  1.07504401e+00
 -1.78051200e+00  1.40057989e+00  8.79848108e-01  9.82136079e-02
  1.27424186e+00 -1.24863673e+00 -4.66926639e-01  4.03791111e+01
  1.71505330e+00 -5.70465025e+00  1.44240555e+00 -8.64324688e-02
  8.63269941e-01  2.75803629e-01  1.06338886e+00  3.05008169e+00
 -6.84969453e+00  2.23161267e-01 -2.75294875e+01 -4.65231059e-02
  1.91744373e-01 -8.76428670e-01  7.67160228e-01  7.88484873e-01
 -3.96352109e-01  1.95677706e+00  3.32288712e-01  8.52230942e-01
  1.15414473e+00  8.45969096e-01  5.45733815e-01  1.39835849e+00
  5.04114699e-01  2.05909172e+00 -7.69096838e-01  3.05777834e+00
 -6.92642966e-01  6.26091229e-01 -1.16787267e+00]
2023-05-01 19:55:09,769 - pyswarms.single.global_best - INFO - Optimize for 10000 iters with {'c1': 0.5, 'c2': 0.3, 'w': 0.9}
2023-05-01 19:59:23,884 - pyswarms.single.global_best - INFO - Optimization finished | best cost: 0.09714281391342135, best pos: [-2.28097711e-01 -2.56965438e+00 -2.55469073e+00 -4.19384207e+00
 -6.33683696e-01 -9.41682375e-01  1.34872405e+00  1.13273334e+00
  4.81073243e+00  4.05689992e+00 -4.22531421e-01  1.68318434e+00
  1.41730559e+00 -6.38144725e-01  3.14857380e+00  2.09545755e+00
  4.27001792e+00  6.04735215e-01  3.20517428e+00 -2.17052443e-01
  2.90897141e+00 -1.86478294e-01  1.05195939e+00  1.00686474e+00
  6.40505153e-01 -2.40110084e+00  2.38187485e+00 -3.42249591e+00
  1.80809996e+00  8.57536662e-01  1.33982513e+00  7.04193722e-02
  9.12792562e-01  1.32198042e+00  7.14060103e+00  1.01633708e-01
  1.07228984e+00 -1.39241332e+00  8.22242486e-01  2.21769201e+00
  5.78345514e-01 -9.69701873e-01  2.08479235e+00  6.88161352e-01
  7.20245538e+00  1.07248415e+00  2.39197742e+00  1.90666029e+00
  2.71105854e+00  7.07501958e-01  1.73860348e+00  3.12111518e-01
  1.57987365e+00  8.82385895e-01  4.84588472e-01  3.38046087e+00
  1.17566528e+00 -1.53799378e-01 -2.60609934e+00  1.51426624e+00
  2.09901663e+02  2.46951572e+00  9.53079812e-01 -1.84235248e+00
  2.77890370e+00  6.03506957e-01  8.00011367e-01  2.18468545e-01
  2.14003413e+00  2.85696392e+00  9.06887368e-01  7.02097539e-01
  5.71427806e-01  4.70165147e+00  1.25049368e+01 -7.19064151e+00
  2.35708022e+00 -1.18425268e-01  2.15291381e+00  1.24781093e+00
  1.65471958e+00  7.27635104e-01 -1.36499009e+00  2.71653474e+00
  1.11634747e+00  3.00194929e+00  7.38094540e-01  3.67036302e+00
  5.44798524e-01 -8.91093723e-02  1.81383279e+00  3.53671048e+00
 -1.89790641e+00  4.67209089e+00  1.51642038e+00  2.43481522e-02
  2.11251428e+00 -9.14614337e-01  1.14881900e+00  2.24341661e+00
 -2.53446602e+02  1.92762356e+00 -5.60563537e+00  8.56480518e-01
  8.00527493e-02  1.48479486e+00  1.82408828e+00  3.37453328e-01
  2.98958765e+00  2.34715202e+00  3.33455365e+00  1.53955093e-01
  1.08870694e+00  1.74732772e-01  9.18210314e-01  1.77359044e+00
  1.35867266e-01 -2.53625296e-01  2.27482753e+00  2.03036673e+00
  8.49413247e-01  1.16205096e+00  9.25228126e-01  1.88790220e+00
  5.22739823e-01 -2.57862983e-01  1.18528270e+00 -4.89419102e-01
 -4.49525655e-01  5.40034961e-01  1.58440267e+00  2.18439525e-01
  6.38604861e-01  2.08949558e+00  2.59698624e+00  3.45718829e-01
  1.14518726e+00  5.54543322e+00 -3.55877730e+00  1.38895490e+00
  4.49479473e-01  9.76347427e-01  1.07613881e+00  5.00458127e+00
  1.10735291e+00  6.78844919e-01 -6.26480562e+00  2.20779126e+00
  1.10075279e+00  1.75820877e-01 -7.72400024e-01  1.35321287e+00
  9.29898420e-01  2.19788090e+00  4.18972109e+00  3.33317980e-01
  6.70271633e-01  2.79466155e+03 -6.53138761e-02  1.50600958e+00
  9.23697852e-01  2.10286663e+00  1.75872648e+00  1.49860652e+00
  1.84445440e-01  1.25744141e+00  2.27044484e-01  1.51893829e+00
  3.60047684e+00 -4.17149922e+00  3.41068685e-01  1.06724657e+00
 -1.46736567e+00  6.63781900e-01  7.33944005e-01 -9.04743391e-01
  1.59749275e+00  2.16705584e-01  1.42607238e+00  1.29853571e+00
  2.99170137e+00  1.68337527e+00  1.77881403e+00  1.84578464e+00
  2.81942514e+00  4.44704424e+00  1.06728120e+00  2.69171061e+00
  1.01798593e+00 -3.14036948e+00  1.50497842e+00 -3.29358931e+00
  1.45594918e+00  1.80133641e+00 -1.46597891e+01  4.47389896e+00
  1.69610843e+00 -7.60083662e+00  8.52135493e-01  6.14912335e+00
  4.15198768e-02  1.88600261e+00 -3.12209406e-01  2.73062599e+00
  1.50392191e+00  9.70497839e-01 -4.93338223e-01  3.44884000e-01
 -5.85271144e+00 -9.83567587e-02 -1.12589777e+00  2.51926647e+00
 -4.27713658e-01 -2.97224565e+00  1.18887565e+00  4.30787999e-02
  4.62620290e+00 -8.42805117e+00  1.66380544e+00  4.97822852e+00
  1.84245552e+00  4.39500966e-01  6.26945633e-01  7.59543500e-01
  2.54290313e+00  2.18898932e+00 -4.45143569e-02  4.54420402e+00
  3.13107959e+00  1.09560224e+00  1.22980654e+00 -6.32310757e-01
  4.72859513e+01 -8.64161448e-01  9.11823791e-01  7.64356271e-01
  1.18799140e+00  6.66750985e-01  1.69979382e+00  1.66025438e+00
  3.32308280e+00 -1.00682664e+01  7.71995188e-01]
2023-05-01 20:18:53,823 - pyswarms.single.global_best - INFO - Optimize for 10000 iters with {'c1': 0.5, 'c2': 0.3, 'w': 0.9}
2023-05-01 20:22:29,473 - pyswarms.single.global_best - INFO - Optimization finished | best cost: 0.11962120142603827, best pos: [ 7.22375329e-01  3.88524083e+00  3.40382561e+00  5.57802414e-01
  1.97895773e+00  8.82262179e+00  3.14453137e+00 -2.88022460e+00
  3.32139433e+00  1.60066527e+00 -1.26009892e+01  1.97156252e+00
  2.07296167e+00  1.43482127e+00  7.66825980e-01  3.37928845e+00
 -1.44851091e-01 -1.48288203e-01 -3.17423266e+00  1.44903488e+00
  2.27928399e+00  1.04462568e+00  1.65467236e+00  3.65869636e+00
  7.84313977e-01  1.81119126e+00  2.43558965e+00  7.87129089e-01
  2.86540869e+00  1.47660696e+00  7.92282867e+00  4.97155318e+00
 -4.04005642e+00  1.79215741e+00  2.64767498e+00  7.20255498e-01
 -2.34159885e-01  8.17385911e+00  1.32171775e-01  2.24971862e+00
  1.47478014e+00  2.21462488e-01  1.03662485e+00 -1.43993055e+00
  2.30652093e+00  1.45870254e+00  8.83735977e-01  1.15256131e+01
  8.84891972e-01  2.39403587e+00  1.44207829e+01 -2.22159120e+00
  1.33374658e+01  1.73313744e+00 -1.34540479e+00  3.09312716e+00
  5.91831562e-02  1.33017294e+00  2.26121262e+00  2.09004234e+00
 -3.22586325e+00  2.64243961e-01  7.32127850e-01 -5.72823535e-01
  2.63695027e-03  1.46838004e+00  4.68896533e+00  1.52884658e+00
  2.07566937e+00  3.86176610e+00  1.07997338e+00  1.09908188e+00
  2.69562915e+00  7.83553018e+00  5.83840835e-01 -3.35472573e+00
  2.77660461e+00 -4.36577078e+00  2.01694680e+00  1.47343860e+00
  1.48334804e+00  3.35113752e+00  3.66391443e+00 -1.72400306e-02
  3.70253519e+00  8.62626996e-01  1.91153434e+00  3.36665689e+00
  2.06340331e+00  2.48534863e+00  2.77988872e+00 -3.21979353e-01
  1.66755978e+00 -4.97918006e+00  1.20609793e+00 -3.53175896e+00
  1.25577842e+00  1.21021220e+00  1.40634978e-01  3.89630734e+00
  2.83598313e+00  2.14426344e+00  4.46958399e-01 -3.03270066e-01
  1.55109865e+00  2.77673851e+00  5.68148189e-01  2.23660665e+00
  1.14390490e+00  3.73651981e-01  3.44599026e+00 -2.53598227e+00
  1.20766976e+00  6.15698445e+00 -2.31275846e+00  1.95449271e+00
 -7.00235922e+00  4.97031283e+00  1.45857211e+00  1.70717501e+00
  2.69072325e+00  3.23218550e+00 -6.21630323e+00  2.35289112e+01
 -8.28990979e+00  4.03559171e+00 -4.16702148e+00  1.87011825e+00
 -2.53786874e+00  2.98297131e+00  1.62675595e+00  1.35771381e-01
 -2.03324256e+01  2.34594078e+00  2.19869952e+00  7.05671057e+00
  6.34368405e+00  1.03117577e+01  2.84589480e+00 -2.32951148e+01
  2.21786441e+00  7.78209130e-01  2.11334396e+00  1.21987991e+04
  2.99304044e+00 -2.32611312e-01  1.72307286e+00  2.41725174e+00
  3.94553371e-01  1.26407656e+00  2.18082725e+00  6.42670855e+01
 -2.08921733e+00  2.91594410e+00  3.58873900e+00  1.10302218e+00
  9.71268259e-01  2.38010839e+00  2.92099896e+00 -3.62528512e+00
  1.20943366e+00  3.93245821e+00  3.22578037e+00 -2.49749438e-01
 -2.68281883e+00  4.11128356e+00  9.79583879e-01  3.01505604e+00
  8.76550117e-01  3.50717856e-01  2.10819148e+00  5.46237061e-01
  6.91752970e-01  6.81642087e-01  2.72876342e+00 -1.31181466e+00
  6.79417961e-01  3.09825421e+00  9.87440924e-01  5.82686339e+00
  2.12540564e+00  1.33505670e+00  2.39906280e+00  2.57354283e+00
  2.98389415e+00  1.64067001e+00 -9.19059471e-02  5.28399433e-01
  2.25309528e+00  1.28414193e+00  9.74507228e+00 -6.66745108e-01
  3.61181499e+00  1.92202056e+00  1.28248763e+00  1.54258617e+00
  1.35491722e+00  1.71270567e+00  1.85978000e+00  1.53828922e+00
  4.50823045e-01  2.93699433e+00  1.92391733e+00  4.50411969e-01
  1.44242838e+00  1.48447817e+00  1.03551490e+00  5.72939885e-01
  2.79559594e+00  1.50125665e+00  3.65965295e+00  3.15973145e+00
 -1.61662491e+02  3.91467956e-01 -2.87752354e+00  1.74914547e+00
  2.83440667e-01  2.36141646e+00  2.36898531e-02  3.47062190e+00
  8.58339336e-01  1.62753750e+00 -3.96303023e+00  7.13224942e-01
  7.14565935e-01  1.74172324e+00  2.78775186e+00  1.60524327e+00
  1.81091679e+00  3.54566675e+00  3.83566925e+00  2.91936898e+00
  4.11097339e+00  4.40360178e+00  1.91121863e+00  2.16404851e+00
  1.29132117e+00  1.59678122e+00 -1.82712073e+00 -3.80368551e+00
  3.12101117e+00  2.23392458e+00  9.45830714e-01]
2023-05-01 20:24:47,978 - matplotlib.animation - WARNING - MovieWriter ffmpeg unavailable; using Pillow instead.
2023-05-01 20:24:48,030 - matplotlib.animation - INFO - Animation.save using <class 'matplotlib.animation.PillowWriter'>
2023-05-01 20:41:00,818 - matplotlib.animation - WARNING - MovieWriter ffmpeg unavailable; using Pillow instead.
2023-05-01 20:41:00,880 - matplotlib.animation - INFO - Animation.save using <class 'matplotlib.animation.PillowWriter'>
2023-05-01 20:46:44,394 - pyswarms.single.global_best - INFO - Optimize for 2000 iters with {'c1': 0.5, 'c2': 0.3, 'w': 0.9}
2023-05-01 20:47:30,056 - pyswarms.single.global_best - INFO - Optimization finished | best cost: 0.07016896755378493, best pos: [ 1.16128176e+00  2.19301168e+00  1.41600418e-03  4.56276402e+00
 -3.15378409e+00 -6.24309292e-01  1.72587638e+00  3.37707608e+00
  3.34895816e+00  1.64584434e+00 -9.36985137e-01 -4.94136691e-01
  5.74647549e+00  1.63122259e+00  1.35506763e+00  3.07258403e+00
  7.93106073e-01 -1.67792194e+00  7.51039120e+00  1.08123983e-01
  1.09763989e+00 -2.46678496e-01 -3.91260666e-01  1.37140018e+00
  2.94876341e+00 -2.70114677e-01  1.86966635e+00 -2.86572672e-01
 -9.97172834e-01  1.29830437e+00  5.25254253e+00 -1.11411726e+00
  7.85277939e+00  2.66558445e+00 -1.53922380e+01  6.08543159e-01
 -2.72822727e+01  1.08371377e+00 -1.64708840e+00  4.19251959e+00
  1.30674707e+00 -3.15935706e+00 -5.16262467e+00  1.07318079e+00
 -1.70949690e-01  1.34368948e+00  1.90878966e+00 -6.39106735e+00
  2.58811444e+00  1.36931016e+00  1.97314928e-01  1.10762097e+00
  3.89262457e+00  3.40467579e+00 -1.76007225e-01 -6.47673700e-01
  2.79173843e+00  1.91337636e+00  1.02561191e+00  3.70435593e+00
 -8.81196960e-01  1.29003857e+00 -2.95253497e-01 -3.51706276e+00
  1.41253361e+00  1.75628195e+00  5.39174559e+00 -1.78097395e-01
  1.41406151e+00  1.22801454e+00  1.29123537e+00 -1.86690209e+00
  1.20365138e+00 -9.95753196e-01 -9.86845269e-01 -2.76546746e-01
  3.11463949e-01  2.09719244e-01  8.03121842e-01  1.81410373e+00
  1.33052858e+00 -1.73874035e-01  2.57581942e+00  2.26201804e+00
 -3.24679953e+00 -9.05852097e-01  3.69820762e+00 -1.30792028e+00
 -3.41383053e-01  5.08905203e-01  9.46491357e-02 -2.05759710e+00
 -3.17927907e-02 -1.84502621e+00  8.23655842e-01  1.00899853e+00
  3.01045734e+00  4.43293409e+00  3.46130237e-01  5.49041036e-01
  1.00516095e+00 -8.85135102e-01 -7.69844638e-01  5.38464840e-01
  2.29743976e+00  2.68730441e+00  1.39840457e+01  1.50139659e+00
  2.23047970e+00  4.11340632e+00  2.48898660e+00  1.13968010e+00
  1.90626350e+00 -1.31915003e+00  3.53612782e+00 -1.01205530e+00
  1.49604803e+00 -2.98087753e-01  7.29974243e-01  7.41734777e-02
 -8.72848481e-01  1.65102317e+00  8.35158326e-01  8.50345405e-01
  1.33352355e+01  2.23432831e+00  1.18416073e+00  3.91781494e-02
  1.56168596e+00  5.66435997e-01  1.93208621e+00  1.91877861e+00
  4.92453610e-01  1.12241940e+00  1.28295387e+00  3.44553509e+00
  1.65787968e+00  2.44403656e-01 -5.89786736e-02 -1.06812733e+02
  1.98000325e+00  2.78879134e+00 -1.14497959e+01 -1.44336934e+01
  1.76994295e+00  5.89409852e+00 -2.20188483e+00  1.29972847e+00
  2.67564364e-01  4.31807786e+00  1.34015439e+01  3.83494354e+04
  3.32942617e-01  1.99718184e+01 -3.55625601e+00 -6.34944178e-02
  4.15626363e+00  6.51688314e+00  6.53326104e-01 -6.86057401e-01
  2.60420564e+00 -5.74086920e-01  1.55267162e+00  7.70112299e+00
  7.12095778e+00 -9.06191594e-03  1.16908312e+00  2.05830826e+00
 -4.89030055e-01  2.58485609e+00  1.79666131e+00 -1.94145790e+00
  4.21323736e-01  1.27581299e+00 -6.19833891e-01 -4.07420075e+00
  1.81386272e-01  2.44072483e+00  2.31526354e+00  5.71491212e-01
  2.76612378e+00  6.12380836e-01  2.57645523e-01 -3.57688637e+00
  4.19248260e-01  1.76761025e+00 -4.72671474e-02  5.79324777e+00
 -1.05537370e+00  2.05425680e+00 -4.80971114e-01 -9.94237697e-02
  1.98843950e+00 -6.68854854e-01  6.74120889e-01 -2.83938938e+00
  1.65201478e+00 -3.55674855e+00  3.38508877e+00  1.74521461e+00
  2.75673209e+00  7.42362215e+00  2.00214141e+00  1.72403240e+00
  1.30576521e+00  2.02480040e+00  2.31861245e+00  1.50214087e-01
 -2.28804796e+00 -5.43057068e-01 -6.50178956e+00  1.93974241e+00
  7.37025266e-01 -5.13643217e+00  2.87786531e+00 -2.90985877e+00
 -1.03294126e+00  1.20907833e+00  1.32896679e-01  4.10536877e+00
  2.72814851e+00 -8.77093168e-02  1.24875206e+00  2.34458511e-01
  2.33992337e+00 -1.69159900e+00  3.58152866e-01 -6.48746131e-02
  2.85203686e-01 -4.45995058e+00 -4.82233183e-01 -5.47999630e-02
  2.51381342e+00 -5.92452490e-01 -2.76782714e+00  9.95207313e+00
  1.30962223e+00  8.17097885e+00  6.58897631e-01 -1.15026254e+00
  9.50256686e-01  4.62811567e+00  3.08841445e-01]
2023-05-01 20:47:32,347 - matplotlib.animation - WARNING - MovieWriter ffmpeg unavailable; using Pillow instead.
2023-05-01 20:47:32,349 - matplotlib.animation - INFO - Animation.save using <class 'matplotlib.animation.PillowWriter'>
2023-05-01 20:52:02,946 - matplotlib.animation - WARNING - MovieWriter ffmpeg unavailable; using Pillow instead.
2023-05-01 20:52:02,947 - matplotlib.animation - INFO - Animation.save using <class 'matplotlib.animation.PillowWriter'>
2023-05-01 20:57:37,632 - matplotlib.animation - WARNING - MovieWriter ffmpeg unavailable; using Pillow instead.
2023-05-01 20:57:37,633 - matplotlib.animation - INFO - Animation.save using <class 'matplotlib.animation.PillowWriter'>
2023-05-02 20:48:45,424 - pyswarms.single.global_best - INFO - Optimize for 2000 iters with {'c1': 0.5, 'c2': 0.3, 'w': 0.9}
2023-05-02 20:49:30,399 - pyswarms.single.global_best - INFO - Optimization finished | best cost: 0.4799139788106063, best pos: [ 3.73388657e-01  1.20926914e+00  2.57828476e+00  2.60848525e+00
  1.09408373e+00  2.60593313e-01 -1.62115612e+00  2.72508297e-01
  5.60556014e+00  1.39133900e+00  8.30009467e+00  2.61440522e-01
  6.61519997e-01  1.03547041e+00  1.56436083e+00  1.54219012e+00
  1.27133586e+00  1.65199255e+00 -9.53684821e-01  1.65582262e+00
  2.73308588e+00  8.88603408e-01  1.33865473e+00  1.92794270e-01
  2.84741007e+00  2.36695095e+00 -3.29748003e+00 -1.58670659e+00
 -2.14426149e-01  2.34504278e+00 -1.14935106e+00  1.30900471e+00
  2.47896697e+00 -4.40809251e-02  1.20174747e+00  6.24427513e+01
  1.56780183e+00  2.61537917e+00  5.00949964e+00  3.72015723e-01
  1.59353340e+00  4.62120003e-01  9.57373404e-01  1.83202046e+00
  6.95423428e-01  2.92091973e+00  7.15764807e+00  1.51774113e-02
  3.66572386e-01  3.22459265e+00  2.16283621e-01  8.81829926e-01
  1.64608554e+00  5.40444799e-01  1.64801154e+00 -3.74308158e+00
  1.29777686e+00  2.50256417e+00  2.47695425e-01  4.23749157e+00
  1.36948261e+00  2.29950327e+00  2.70796347e+00 -6.44132544e-01
  1.46631834e+00  4.93138845e-01  5.09845118e-01  2.51826104e+00
  1.09437531e+00  2.63522263e+00  5.93218043e-01  2.87993138e+00
  1.60968756e+00 -7.32871458e-01  2.08293544e+00  8.41128314e-01
  1.40875758e+00 -1.82716558e+00 -3.16768646e-01 -4.04139891e-01
  9.66909314e-01  1.28866418e+00  2.86431849e+00 -3.03721608e+00
  4.56502472e-01  2.04651321e+00  7.13657873e+00  6.26486460e-01
  8.06028338e-01  9.65555289e-01  4.88688187e+00  1.78771814e+00
  2.21060840e+00  1.98610295e+00  6.30110623e+01  1.36697084e+00
 -8.01300919e-02 -4.57855843e+00  1.02593119e+00  2.05192212e+00
  3.29490941e+00  2.39757754e+00  6.62016634e-01  1.91497661e+00
  1.81855929e+00  1.52507831e+01  5.93967866e-01  1.76747312e-01
  6.95884034e-01 -1.18762955e+00  6.08766810e+00  1.60618170e+00
 -5.49743024e-01 -3.85546651e-01  2.07425237e+00 -1.20104647e+00
  2.01701550e+00  5.79971921e-01  1.31419417e+00 -1.69826434e+00
  7.78156975e-01  8.89123767e-01  5.50482282e+00  1.06268259e+00
  1.84830500e+00  1.23700100e+00 -1.69440007e+02  1.53974514e+00
  6.89211680e-01  2.64621321e+00 -3.51419656e+00  8.69323928e-02
  9.77817764e-01 -7.19697954e-02  5.51415615e-01  1.52804330e+00
  1.94471105e+00 -8.30115694e-01  6.82606613e-01  2.50826337e+00
  1.66460353e+00  1.05661838e+00  4.47756612e+00  2.72261616e+00
 -1.69740026e+00  7.05521780e-01  1.92833866e+00 -2.54485713e-01
  1.59028715e+00  2.25187672e+00 -2.13017559e+00  1.32889117e+00
 -6.49404730e-01  7.53944463e-01  7.80935484e-01  2.19329538e+00
  7.86591261e-01  7.10271398e-01  1.05036998e+00 -2.49877880e-01
  5.43834691e-01  3.25271079e+00  1.85745426e+00  1.81849735e+00
  7.92903198e-01  2.48348604e+00  1.19768947e+00  6.57684877e+00
  6.68639190e-01 -1.52536956e+00  2.40015801e+00  6.84989850e-01
  1.83740648e+00  3.72959947e-01 -2.49577329e-01  6.54835179e-01
  2.48891818e-02  4.86849043e-01  2.32594142e+00  2.95585085e+00
 -3.70880631e-01  4.79972053e+00  1.49551941e+00  4.46104284e+00
  6.78402527e-01  2.50761992e+00  1.47060591e+00  3.19862716e-01
  2.25985991e-01  6.20236382e-01  8.80239090e-01 -1.28346767e+00
  2.41410198e+00  2.07541243e+00  9.23581226e-01  2.82399804e+00
  2.73058244e+00  4.83870932e-01  1.25797907e+01  8.63781401e-01
 -1.38455712e+00 -1.98058919e+00  2.51725563e+00  1.57683842e+00
  1.28469137e+00  1.20022512e+00  5.66660844e-01  1.22545246e+00
  3.98709060e-01  1.50414636e+00  1.53168073e+00 -9.35513931e-02
  7.84465688e-01  9.07436639e-01  1.10770089e-01  2.45854825e+00
  1.24334831e+00  1.26630246e+00  2.01944748e+00  6.52099814e-01
  6.53984958e+00  6.08528627e-02  7.65133197e-01  4.11264304e-01
  9.74975397e-01  5.16844639e-03  3.02067120e+00  1.09494207e+00
 -1.62882800e+00  2.36443271e+00  1.31948100e+00 -2.72247301e-01
  2.33562500e+00  1.67193987e-01  2.39783157e+00  1.73741168e+00
  1.69482997e-01  9.17774317e-01  2.50161609e+00  1.73066414e+00
  8.53267974e-01  2.99120654e+00  1.33666161e+00]
2023-05-02 20:49:32,539 - matplotlib.animation - WARNING - MovieWriter ffmpeg unavailable; using Pillow instead.
2023-05-02 20:49:32,539 - matplotlib.animation - INFO - Animation.save using <class 'matplotlib.animation.PillowWriter'>
2023-05-02 20:53:08,725 - matplotlib.animation - WARNING - MovieWriter ffmpeg unavailable; using Pillow instead.
2023-05-02 20:53:08,728 - matplotlib.animation - INFO - Animation.save using <class 'matplotlib.animation.PillowWriter'>
2023-05-02 20:55:56,878 - pyswarms.single.global_best - INFO - Optimize for 2000 iters with {'c1': 0.5, 'c2': 0.3, 'w': 0.9}
2023-05-02 21:05:04,173 - pyswarms.single.global_best - INFO - Optimize for 2000 iters with {'c1': 0.5, 'c2': 0.3, 'w': 0.9}
2023-05-02 21:06:15,768 - pyswarms.single.global_best - INFO - Optimization finished | best cost: 0.10659214555532931, best pos: [-4.62201143e+00  6.80975365e-01 -1.71312449e+00 -5.50219455e-01
  1.00544620e+00  1.70385343e+00  3.67155084e-01  1.67755396e+00
  2.08400291e+00  2.42654569e-01  2.01035281e+00  1.36656516e+00
 -2.50960696e+00  1.27705075e+00 -9.85964909e-02 -1.82036111e+00
  4.63334723e-02  7.09355274e-01  6.46405692e-01  6.12539817e-03
  2.20219759e+00  9.58439573e-01 -7.12156357e-01 -5.84016442e-01
  2.81106067e+00  4.94360828e-01  9.21916378e-01 -6.72398308e-01
 -8.07673978e-01 -4.23758029e-01 -3.12893856e-01 -7.53698675e-01
  1.29379914e+00 -3.55122682e-01  8.44015632e-02  5.55885777e-01
 -1.08397012e+00  5.83072845e-01 -2.50449059e-01  6.84475616e+01
 -3.67895857e-02  3.61167074e-01 -3.16529086e+01 -2.60193866e+00
  3.11163310e+01  2.66005478e+00  2.14190936e-01  2.56554878e+00
 -1.41650355e+00  8.58574073e-01  1.35585794e+00  1.07120632e+00
  5.67856506e-01 -1.23904765e+00  1.98519474e+00 -7.03915782e-02
  1.20034765e+00  1.82619538e+00  1.29033883e+00 -3.80876608e+00
  8.22805875e+00  1.17287983e+00  2.62021004e-01 -1.10540359e-01
  1.96444220e+00 -5.15916519e-01 -9.84588389e-01  1.65070241e+00
 -8.56956858e-01 -5.74692098e-01  8.59384462e-01 -3.98648506e-01
  1.85266325e-01 -4.93198108e-01  1.33744709e+00  1.38586492e+00
 -2.82509064e+00  2.16640242e+00 -9.14934195e-01 -2.15498536e+00
  3.59924374e+00  2.09682850e+00  2.25625475e-02  1.68978121e+00
  1.63071444e+00 -4.34533115e-01  2.48708761e-01 -3.02704688e+00
  8.17448329e-01  3.54889372e+00 -1.71154201e+00  1.39757358e+00
  1.58334960e-01  4.98684619e-02  9.23958294e+00 -1.36278918e-01
 -1.53009356e+00 -7.20654805e-01  1.20105915e-01  9.89594527e-01
 -4.04531172e+00  1.17116866e+00  9.32324404e-03  3.20979233e+00
 -1.40271914e+00  8.60689521e-01 -8.74840480e-02  1.22142836e+00
 -1.79611371e-01  2.06273225e+00  1.48133096e+01  7.81305038e-01
 -1.60529562e+00  5.73436550e-01  6.32195115e-01  6.20365171e-01
 -1.80586239e+00  1.28931573e+00  1.56855056e+00  2.69142578e+00
  2.66973826e-01 -2.74056788e-01  5.23407384e+00  6.29771025e-01
  1.26778448e+00  1.56930587e-01  2.81922035e+00  2.87289134e-01
  1.39682571e+00 -1.85472300e+00 -1.49522125e-01 -2.26836377e-01
  4.16150057e-01  2.72590052e+00  2.11019881e+00  9.52710187e+00
  1.44448749e+00  6.11820184e-02 -7.35935950e+00  1.69882444e+00
 -1.55265062e+00 -2.67197123e-01  6.93249061e-01  1.09233475e+00
  1.85589161e+00  5.92722335e-01  2.42416965e+00 -2.38479538e+00
  3.93879439e-01  9.95774583e-01  6.33391192e+00  6.36560176e-01
  8.26342227e-01  5.58134472e-01  3.15919685e-01  7.03701678e+03
 -4.84837411e+00 -2.06180715e+00  1.25756932e+00 -4.78150515e-01
  3.21571046e-01  2.20073752e+00  3.30569615e-01  7.15826989e-01
  3.84605407e+00  2.36159841e+00  3.59849981e-01  9.19297522e-01
  2.70255468e-01  2.96786295e-01  1.26382915e+00  6.75105081e-01
 -2.92727834e+00  1.42346847e+00  7.67572609e-01 -8.83503295e-01
 -1.63667976e-01  1.95605886e-01  3.88843515e-01  1.51731825e+00
 -7.54796954e-01 -2.41626046e+00 -3.42126507e-01 -1.24670964e-01
  2.00156609e-01 -1.16041112e+00 -3.14775442e-01  3.65158640e-01
  1.20639120e+00  2.05248837e+00 -2.19082866e+01  6.58181463e-01
  1.80648066e-01 -7.56283327e-01 -9.24594706e-01  1.67550821e+00
  1.56730246e+00  2.14800024e+00 -2.50124877e+01 -7.99638054e+00
 -4.05108125e+00 -6.24483784e-01  9.95698170e-01  2.13728451e-01
 -4.28057068e+00  3.46177743e+00 -3.83611229e-02 -2.44239401e+00
 -3.08819248e-01 -3.65332190e-01  1.03075210e+00  4.03195224e-01
  6.90509750e-01  3.72292415e+00 -7.57853409e-02 -1.04417127e+00
  1.00927686e+00  2.79206334e-01 -2.29605800e+00  1.10459297e+00
  1.66045260e+00 -1.92554876e+00  4.27751036e+00  1.24958762e+00
 -4.73459952e-01 -5.19130566e-01  1.77487757e+01 -1.49564653e-02
  2.19383378e+00 -2.03240483e+01  2.24732503e+00 -3.16921157e-01
 -9.20589829e-01  7.66452915e-01  1.43230947e+00  6.12149355e-01
  2.88796833e-01  1.35499638e+00  5.17269985e-01  8.78919267e-01
  8.38025678e-01  2.73855113e+00 -2.32563246e+00]
2023-05-02 21:06:18,023 - matplotlib.animation - WARNING - MovieWriter ffmpeg unavailable; using Pillow instead.
2023-05-02 21:06:18,024 - matplotlib.animation - INFO - Animation.save using <class 'matplotlib.animation.PillowWriter'>
2023-05-02 21:09:26,801 - matplotlib.animation - WARNING - MovieWriter ffmpeg unavailable; using Pillow instead.
2023-05-02 21:09:26,802 - matplotlib.animation - INFO - Animation.save using <class 'matplotlib.animation.PillowWriter'>
